
Please enter a math expression or type QUIT to exit.
2
Please enter a math expression or type QUIT to exit.
-4
Please enter a math expression or type QUIT to exit.
15
Please enter a math expression or type QUIT to exit.
0
Please enter a math expression or type QUIT to exit.
0
Please enter a math expression or type QUIT to exit.
-121
Please enter a math expression or type QUIT to exit.
2
Please enter a math expression or type QUIT to exit.
-71
Please enter a math expression or type QUIT to exit.
-3116
Please enter a math expression or type QUIT to exit.
An error has occurred -> Tree Head was nullptr

Please enter a math expression or type QUIT to exit.
An error has occurred -> Invalid Expression. An operator was not included between two or more numbers.

Please enter a math expression or type QUIT to exit.
An error has occurred -> Invalid Expression. An operator was not included between two or more numbers.

Please enter a math expression or type QUIT to exit.
An error has occurred -> Invalid Expression. An operator was not included between two or more numbers.

Please enter a math expression or type QUIT to exit.
An error has occurred -> Invalid Expression. An operator was not included between two or more numbers.

Please enter a math expression or type QUIT to exit.
An error has occurred -> Invalid Expression. An operator was not included between two or more numbers.

Please enter a math expression or type QUIT to exit.
An error has occurred -> Invalid Expression. An operator was not included between two or more numbers.

Please enter a math expression or type QUIT to exit.
An error has occurred -> Invalid Expression. An operator was not included between two or more numbers.

Please enter a math expression or type QUIT to exit.
